2025-01-19 15:22:29,110:INFO:Processing row 1
2025-01-19 15:22:41,803:ERROR:Unexpected error: 5
2025-01-19 15:22:41,804:INFO:Successfully processed row 1
2025-01-19 15:22:41,804:INFO:IP and MAC address changed.
2025-01-19 18:56:55,637:INFO:Processing row 1
2025-01-19 18:57:08,545:ERROR:Unexpected error: 5
2025-01-19 18:57:08,545:INFO:Successfully processed row 1
2025-01-19 18:57:08,545:INFO:IP and MAC address changed.
2025-01-19 19:00:28,372:INFO:Processing row 1
2025-01-19 19:00:41,279:ERROR:Unexpected error: 5
2025-01-19 19:00:41,280:INFO:Successfully processed row 1
2025-01-19 19:04:38,138:INFO:Processing row 1
2025-01-19 19:04:51,144:ERROR:Unexpected error: 5
2025-01-19 19:04:51,144:INFO:Successfully processed row 1
2025-01-19 19:07:28,893:INFO:Processing row 1
2025-01-19 19:07:41,941:ERROR:Unexpected error: 5
2025-01-19 19:07:41,942:INFO:Successfully processed row 1
2025-01-19 19:08:36,284:INFO:Processing row 1
2025-01-19 19:08:49,872:ERROR:Unexpected error: 5
2025-01-19 19:08:49,873:INFO:Successfully processed row 1
2025-01-19 19:12:16,886:INFO:Processing row 1
2025-01-19 19:12:29,712:ERROR:Unexpected error: 5
2025-01-19 19:12:29,712:INFO:Successfully processed row 1
2025-01-19 19:13:52,047:INFO:Processing row 1
2025-01-19 19:14:05,217:ERROR:Unexpected error: 5
2025-01-19 19:14:05,217:INFO:Successfully processed row 1
2025-01-19 19:14:46,364:INFO:Processing row 1
2025-01-19 19:14:59,172:ERROR:Unexpected error: 5
2025-01-19 19:14:59,172:INFO:Successfully processed row 1
2025-01-19 19:16:06,509:INFO:Processing row 1
2025-01-19 19:16:19,015:ERROR:Unexpected error: Message: element not interactable
  (Session info: chrome=131.0.6778.265)
Stacktrace:
	GetHandleVerifier [0x00007FF731E380D5+2992373]
	(No symbol) [0x00007FF731ACBFD0]
	(No symbol) [0x00007FF731965739]
	(No symbol) [0x00007FF7319BA724]
	(No symbol) [0x00007FF7319ACD40]
	(No symbol) [0x00007FF7319DF36A]
	(No symbol) [0x00007FF7319AC596]
	(No symbol) [0x00007FF7319DF580]
	(No symbol) [0x00007FF7319FF584]
	(No symbol) [0x00007FF7319DF113]
	(No symbol) [0x00007FF7319AA918]
	(No symbol) [0x00007FF7319ABA81]
	GetHandleVerifier [0x00007FF731E96A2D+3379789]
	GetHandleVerifier [0x00007FF731EAC32D+3468109]
	GetHandleVerifier [0x00007FF731EA0043+3418211]
	GetHandleVerifier [0x00007FF731C2C78B+847787]
	(No symbol) [0x00007FF731AD757F]
	(No symbol) [0x00007FF731AD2FC4]
	(No symbol) [0x00007FF731AD315D]
	(No symbol) [0x00007FF731AC2979]
	BaseThreadInitThunk [0x00007FFE90FFE8D7+23]
	RtlUserThreadStart [0x00007FFE91C1FBCC+44]

2025-01-19 19:16:19,016:INFO:Successfully processed row 1
